Loading inherited module 'com.morejesuslessme.tnelsond.unmutate.GdxDefinition'
   Loading inherited module 'com.badlogic.gdx.backends.gdx_backends_gwt'
      Loading inherited module 'com.google.gwt.user.User'
         Loading inherited module 'com.google.gwt.animation.Animation'
            [ERROR] Element 'module' beginning on line 19 contains unexpected attribute 'type'
            [ERROR] Failure while parsing XML
com.google.gwt.core.ext.UnableToCompleteException: (see previous log entries)
	at com.google.gwt.dev.util.xml.DefaultSchema.onUnexpectedAttribute(DefaultSchema.java:72)
	at com.google.gwt.dev.util.xml.Schema.onUnexpectedAttribute(Schema.java:80)
	at com.google.gwt.dev.util.xml.ReflectiveParser$Impl.startElement(ReflectiveParser.java:248)
	at com.sun.org.apache.xerces.internal.parsers.AbstractSAXParser.startElement(AbstractSAXParser.java:509)
	at com.sun.org.apache.xerces.internal.impl.dtd.XMLDTDValidator.startElement(XMLDTDValidator.java:745)
	at com.sun.org.apache.xerces.internal.impl.XMLDocumentFragmentScannerImpl.scanStartElement(XMLDocumentFragmentScannerImpl.java:1362)
	at com.sun.org.apache.xerces.internal.impl.XMLDocumentScannerImpl$ContentDriver.scanRootElementHook(XMLDocumentScannerImpl.java:1292)
	at com.sun.org.apache.xerces.internal.impl.XMLDocumentFragmentScannerImpl$FragmentContentDriver.next(XMLDocumentFragmentScannerImpl.java:3122)
	at com.sun.org.apache.xerces.internal.impl.XMLDocumentScannerImpl$PrologDriver.next(XMLDocumentScannerImpl.java:880)
	at com.sun.org.apache.xerces.internal.impl.XMLDocumentScannerImpl.next(XMLDocumentScannerImpl.java:606)
	at com.sun.org.apache.xerces.internal.impl.XMLDocumentFragmentScannerImpl.scanDocument(XMLDocumentFragmentScannerImpl.java:510)
	at com.sun.org.apache.xerces.internal.parsers.XML11Configuration.parse(XML11Configuration.java:848)
	at com.sun.org.apache.xerces.internal.parsers.XML11Configuration.parse(XML11Configuration.java:777)
	at com.sun.org.apache.xerces.internal.parsers.XMLParser.parse(XMLParser.java:141)
	at com.sun.org.apache.xerces.internal.parsers.AbstractSAXParser.parse(AbstractSAXParser.java:1213)
	at com.sun.org.apache.xerces.internal.jaxp.SAXParserImpl$JAXPSAXParser.parse(SAXParserImpl.java:649)
	at com.google.gwt.dev.util.xml.ReflectiveParser$Impl.parse(ReflectiveParser.java:347)
	at com.google.gwt.dev.util.xml.ReflectiveParser$Impl.access$200(ReflectiveParser.java:68)
	at com.google.gwt.dev.util.xml.ReflectiveParser.parse(ReflectiveParser.java:418)
	at com.google.gwt.dev.cfg.ModuleDefLoader.nestedLoad(ModuleDefLoader.java:326)
	at com.google.gwt.dev.cfg.ModuleDefSchema$BodySchema.__inherits_begin(ModuleDefSchema.java:493)
	at sun.reflect.NativeMethodAccessorImpl.invoke0(Native Method)
	at sun.reflect.NativeMethodAccessorImpl.invoke(NativeMethodAccessorImpl.java:57)
	at sun.reflect.DelegatingMethodAccessorImpl.invoke(DelegatingMethodAccessorImpl.java:43)
	at java.lang.reflect.Method.invoke(Method.java:606)
	at com.google.gwt.dev.util.xml.HandlerMethod.invokeBegin(HandlerMethod.java:230)
	at com.google.gwt.dev.util.xml.ReflectiveParser$Impl.startElement(ReflectiveParser.java:294)
	at com.sun.org.apache.xerces.internal.parsers.AbstractSAXParser.startElement(AbstractSAXParser.java:509)
	at com.sun.org.apache.xerces.internal.parsers.AbstractXMLDocumentParser.emptyElement(AbstractXMLDocumentParser.java:182)
	at com.sun.org.apache.xerces.internal.impl.XMLDocumentFragmentScannerImpl.scanStartElement(XMLDocumentFragmentScannerImpl.java:1342)
	at com.sun.org.apache.xerces.internal.impl.XMLDocumentFragmentScannerImpl$FragmentContentDriver.next(XMLDocumentFragmentScannerImpl.java:2770)
	at com.sun.org.apache.xerces.internal.impl.XMLDocumentScannerImpl.next(XMLDocumentScannerImpl.java:606)
	at com.sun.org.apache.xerces.internal.impl.XMLDocumentFragmentScannerImpl.scanDocument(XMLDocumentFragmentScannerImpl.java:510)
	at com.sun.org.apache.xerces.internal.parsers.XML11Configuration.parse(XML11Configuration.java:848)
	at com.sun.org.apache.xerces.internal.parsers.XML11Configuration.parse(XML11Configuration.java:777)
	at com.sun.org.apache.xerces.internal.parsers.XMLParser.parse(XMLParser.java:141)
	at com.sun.org.apache.xerces.internal.parsers.AbstractSAXParser.parse(AbstractSAXParser.java:1213)
	at com.sun.org.apache.xerces.internal.jaxp.SAXParserImpl$JAXPSAXParser.parse(SAXParserImpl.java:649)
	at com.google.gwt.dev.util.xml.ReflectiveParser$Impl.parse(ReflectiveParser.java:347)
	at com.google.gwt.dev.util.xml.ReflectiveParser$Impl.access$200(ReflectiveParser.java:68)
	at com.google.gwt.dev.util.xml.ReflectiveParser.parse(ReflectiveParser.java:418)
	at com.google.gwt.dev.cfg.ModuleDefLoader.nestedLoad(ModuleDefLoader.java:326)
	at com.google.gwt.dev.cfg.ModuleDefSchema$BodySchema.__inherits_begin(ModuleDefSchema.java:493)
	at sun.reflect.NativeMethodAccessorImpl.invoke0(Native Method)
	at sun.reflect.NativeMethodAccessorImpl.invoke(NativeMethodAccessorImpl.java:57)
	at sun.reflect.DelegatingMethodAccessorImpl.invoke(DelegatingMethodAccessorImpl.java:43)
	at java.lang.reflect.Method.invoke(Method.java:606)
	at com.google.gwt.dev.util.xml.HandlerMethod.invokeBegin(HandlerMethod.java:230)
	at com.google.gwt.dev.util.xml.ReflectiveParser$Impl.startElement(ReflectiveParser.java:294)
	at com.sun.org.apache.xerces.internal.parsers.AbstractSAXParser.startElement(AbstractSAXParser.java:509)
	at com.sun.org.apache.xerces.internal.parsers.AbstractXMLDocumentParser.emptyElement(AbstractXMLDocumentParser.java:182)
	at com.sun.org.apache.xerces.internal.impl.dtd.XMLDTDValidator.emptyElement(XMLDTDValidator.java:766)
	at com.sun.org.apache.xerces.internal.impl.XMLDocumentFragmentScannerImpl.scanStartElement(XMLDocumentFragmentScannerImpl.java:1342)
	at com.sun.org.apache.xerces.internal.impl.XMLDocumentFragmentScannerImpl$FragmentContentDriver.next(XMLDocumentFragmentScannerImpl.java:2770)
	at com.sun.org.apache.xerces.internal.impl.XMLDocumentScannerImpl.next(XMLDocumentScannerImpl.java:606)
	at com.sun.org.apache.xerces.internal.impl.XMLDocumentFragmentScannerImpl.scanDocument(XMLDocumentFragmentScannerImpl.java:510)
	at com.sun.org.apache.xerces.internal.parsers.XML11Configuration.parse(XML11Configuration.java:848)
	at com.sun.org.apache.xerces.internal.parsers.XML11Configuration.parse(XML11Configuration.java:777)
	at com.sun.org.apache.xerces.internal.parsers.XMLParser.parse(XMLParser.java:141)
	at com.sun.org.apache.xerces.internal.parsers.AbstractSAXParser.parse(AbstractSAXParser.java:1213)
	at com.sun.org.apache.xerces.internal.jaxp.SAXParserImpl$JAXPSAXParser.parse(SAXParserImpl.java:649)
	at com.google.gwt.dev.util.xml.ReflectiveParser$Impl.parse(ReflectiveParser.java:347)
	at com.google.gwt.dev.util.xml.ReflectiveParser$Impl.access$200(ReflectiveParser.java:68)
	at com.google.gwt.dev.util.xml.ReflectiveParser.parse(ReflectiveParser.java:418)
	at com.google.gwt.dev.cfg.ModuleDefLoader.nestedLoad(ModuleDefLoader.java:326)
	at com.google.gwt.dev.cfg.ModuleDefSchema$BodySchema.__inherits_begin(ModuleDefSchema.java:493)
	at sun.reflect.NativeMethodAccessorImpl.invoke0(Native Method)
	at sun.reflect.NativeMethodAccessorImpl.invoke(NativeMethodAccessorImpl.java:57)
	at sun.reflect.DelegatingMethodAccessorImpl.invoke(DelegatingMethodAccessorImpl.java:43)
	at java.lang.reflect.Method.invoke(Method.java:606)
	at com.google.gwt.dev.util.xml.HandlerMethod.invokeBegin(HandlerMethod.java:230)
	at com.google.gwt.dev.util.xml.ReflectiveParser$Impl.startElement(ReflectiveParser.java:294)
	at com.sun.org.apache.xerces.internal.parsers.AbstractSAXParser.startElement(AbstractSAXParser.java:509)
	at com.sun.org.apache.xerces.internal.parsers.AbstractXMLDocumentParser.emptyElement(AbstractXMLDocumentParser.java:182)
	at com.sun.org.apache.xerces.internal.impl.dtd.XMLDTDValidator.emptyElement(XMLDTDValidator.java:766)
	at com.sun.org.apache.xerces.internal.impl.XMLDocumentFragmentScannerImpl.scanStartElement(XMLDocumentFragmentScannerImpl.java:1342)
	at com.sun.org.apache.xerces.internal.impl.XMLDocumentFragmentScannerImpl$FragmentContentDriver.next(XMLDocumentFragmentScannerImpl.java:2770)
	at com.sun.org.apache.xerces.internal.impl.XMLDocumentScannerImpl.next(XMLDocumentScannerImpl.java:606)
	at com.sun.org.apache.xerces.internal.impl.XMLDocumentFragmentScannerImpl.scanDocument(XMLDocumentFragmentScannerImpl.java:510)
	at com.sun.org.apache.xerces.internal.parsers.XML11Configuration.parse(XML11Configuration.java:848)
	at com.sun.org.apache.xerces.internal.parsers.XML11Configuration.parse(XML11Configuration.java:777)
	at com.sun.org.apache.xerces.internal.parsers.XMLParser.parse(XMLParser.java:141)
	at com.sun.org.apache.xerces.internal.parsers.AbstractSAXParser.parse(AbstractSAXParser.java:1213)
	at com.sun.org.apache.xerces.internal.jaxp.SAXParserImpl$JAXPSAXParser.parse(SAXParserImpl.java:649)
	at com.google.gwt.dev.util.xml.ReflectiveParser$Impl.parse(ReflectiveParser.java:347)
	at com.google.gwt.dev.util.xml.ReflectiveParser$Impl.access$200(ReflectiveParser.java:68)
	at com.google.gwt.dev.util.xml.ReflectiveParser.parse(ReflectiveParser.java:418)
	at com.google.gwt.dev.cfg.ModuleDefLoader.nestedLoad(ModuleDefLoader.java:326)
	at com.google.gwt.dev.cfg.ModuleDefLoader.load(ModuleDefLoader.java:246)
	at com.google.gwt.dev.cfg.ModuleDefLoader.doLoadModule(ModuleDefLoader.java:195)
	at com.google.gwt.dev.cfg.ModuleDefLoader.loadFromResources(ModuleDefLoader.java:172)
	at com.google.gwt.dev.codeserver.Recompiler.loadModule(Recompiler.java:141)
	at com.google.gwt.dev.codeserver.Recompiler.compile(Recompiler.java:82)
	at com.google.gwt.dev.codeserver.ModuleState.<init>(ModuleState.java:54)
	at com.google.gwt.dev.codeserver.CodeServer.start(CodeServer.java:88)
	at com.google.gwt.dev.codeserver.CodeServer.main(CodeServer.java:51)
            [ERROR] Unexpected error while processing XML
com.google.gwt.core.ext.UnableToCompleteException: (see previous log entries)
	at com.google.gwt.dev.util.xml.ReflectiveParser$Impl.parse(ReflectiveParser.java:371)
	at com.google.gwt.dev.util.xml.ReflectiveParser$Impl.access$200(ReflectiveParser.java:68)
	at com.google.gwt.dev.util.xml.ReflectiveParser.parse(ReflectiveParser.java:418)
	at com.google.gwt.dev.cfg.ModuleDefLoader.nestedLoad(ModuleDefLoader.java:326)
	at com.google.gwt.dev.cfg.ModuleDefSchema$BodySchema.__inherits_begin(ModuleDefSchema.java:493)
	at sun.reflect.NativeMethodAccessorImpl.invoke0(Native Method)
	at sun.reflect.NativeMethodAccessorImpl.invoke(NativeMethodAccessorImpl.java:57)
	at sun.reflect.DelegatingMethodAccessorImpl.invoke(DelegatingMethodAccessorImpl.java:43)
	at java.lang.reflect.Method.invoke(Method.java:606)
	at com.google.gwt.dev.util.xml.HandlerMethod.invokeBegin(HandlerMethod.java:230)
	at com.google.gwt.dev.util.xml.ReflectiveParser$Impl.startElement(ReflectiveParser.java:294)
	at com.sun.org.apache.xerces.internal.parsers.AbstractSAXParser.startElement(AbstractSAXParser.java:509)
	at com.sun.org.apache.xerces.internal.parsers.AbstractXMLDocumentParser.emptyElement(AbstractXMLDocumentParser.java:182)
	at com.sun.org.apache.xerces.internal.impl.XMLDocumentFragmentScannerImpl.scanStartElement(XMLDocumentFragmentScannerImpl.java:1342)
	at com.sun.org.apache.xerces.internal.impl.XMLDocumentFragmentScannerImpl$FragmentContentDriver.next(XMLDocumentFragmentScannerImpl.java:2770)
	at com.sun.org.apache.xerces.internal.impl.XMLDocumentScannerImpl.next(XMLDocumentScannerImpl.java:606)
	at com.sun.org.apache.xerces.internal.impl.XMLDocumentFragmentScannerImpl.scanDocument(XMLDocumentFragmentScannerImpl.java:510)
	at com.sun.org.apache.xerces.internal.parsers.XML11Configuration.parse(XML11Configuration.java:848)
	at com.sun.org.apache.xerces.internal.parsers.XML11Configuration.parse(XML11Configuration.java:777)
	at com.sun.org.apache.xerces.internal.parsers.XMLParser.parse(XMLParser.java:141)
	at com.sun.org.apache.xerces.internal.parsers.AbstractSAXParser.parse(AbstractSAXParser.java:1213)
	at com.sun.org.apache.xerces.internal.jaxp.SAXParserImpl$JAXPSAXParser.parse(SAXParserImpl.java:649)
	at com.google.gwt.dev.util.xml.ReflectiveParser$Impl.parse(ReflectiveParser.java:347)
	at com.google.gwt.dev.util.xml.ReflectiveParser$Impl.access$200(ReflectiveParser.java:68)
	at com.google.gwt.dev.util.xml.ReflectiveParser.parse(ReflectiveParser.java:418)
	at com.google.gwt.dev.cfg.ModuleDefLoader.nestedLoad(ModuleDefLoader.java:326)
	at com.google.gwt.dev.cfg.ModuleDefSchema$BodySchema.__inherits_begin(ModuleDefSchema.java:493)
	at sun.reflect.NativeMethodAccessorImpl.invoke0(Native Method)
	at sun.reflect.NativeMethodAccessorImpl.invoke(NativeMethodAccessorImpl.java:57)
	at sun.reflect.DelegatingMethodAccessorImpl.invoke(DelegatingMethodAccessorImpl.java:43)
	at java.lang.reflect.Method.invoke(Method.java:606)
	at com.google.gwt.dev.util.xml.HandlerMethod.invokeBegin(HandlerMethod.java:230)
	at com.google.gwt.dev.util.xml.ReflectiveParser$Impl.startElement(ReflectiveParser.java:294)
	at com.sun.org.apache.xerces.internal.parsers.AbstractSAXParser.startElement(AbstractSAXParser.java:509)
	at com.sun.org.apache.xerces.internal.parsers.AbstractXMLDocumentParser.emptyElement(AbstractXMLDocumentParser.java:182)
	at com.sun.org.apache.xerces.internal.impl.dtd.XMLDTDValidator.emptyElement(XMLDTDValidator.java:766)
	at com.sun.org.apache.xerces.internal.impl.XMLDocumentFragmentScannerImpl.scanStartElement(XMLDocumentFragmentScannerImpl.java:1342)
	at com.sun.org.apache.xerces.internal.impl.XMLDocumentFragmentScannerImpl$FragmentContentDriver.next(XMLDocumentFragmentScannerImpl.java:2770)
	at com.sun.org.apache.xerces.internal.impl.XMLDocumentScannerImpl.next(XMLDocumentScannerImpl.java:606)
	at com.sun.org.apache.xerces.internal.impl.XMLDocumentFragmentScannerImpl.scanDocument(XMLDocumentFragmentScannerImpl.java:510)
	at com.sun.org.apache.xerces.internal.parsers.XML11Configuration.parse(XML11Configuration.java:848)
	at com.sun.org.apache.xerces.internal.parsers.XML11Configuration.parse(XML11Configuration.java:777)
	at com.sun.org.apache.xerces.internal.parsers.XMLParser.parse(XMLParser.java:141)
	at com.sun.org.apache.xerces.internal.parsers.AbstractSAXParser.parse(AbstractSAXParser.java:1213)
	at com.sun.org.apache.xerces.internal.jaxp.SAXParserImpl$JAXPSAXParser.parse(SAXParserImpl.java:649)
	at com.google.gwt.dev.util.xml.ReflectiveParser$Impl.parse(ReflectiveParser.java:347)
	at com.google.gwt.dev.util.xml.ReflectiveParser$Impl.access$200(ReflectiveParser.java:68)
	at com.google.gwt.dev.util.xml.ReflectiveParser.parse(ReflectiveParser.java:418)
	at com.google.gwt.dev.cfg.ModuleDefLoader.nestedLoad(ModuleDefLoader.java:326)
	at com.google.gwt.dev.cfg.ModuleDefSchema$BodySchema.__inherits_begin(ModuleDefSchema.java:493)
	at sun.reflect.NativeMethodAccessorImpl.invoke0(Native Method)
	at sun.reflect.NativeMethodAccessorImpl.invoke(NativeMethodAccessorImpl.java:57)
	at sun.reflect.DelegatingMethodAccessorImpl.invoke(DelegatingMethodAccessorImpl.java:43)
	at java.lang.reflect.Method.invoke(Method.java:606)
	at com.google.gwt.dev.util.xml.HandlerMethod.invokeBegin(HandlerMethod.java:230)
	at com.google.gwt.dev.util.xml.ReflectiveParser$Impl.startElement(ReflectiveParser.java:294)
	at com.sun.org.apache.xerces.internal.parsers.AbstractSAXParser.startElement(AbstractSAXParser.java:509)
	at com.sun.org.apache.xerces.internal.parsers.AbstractXMLDocumentParser.emptyElement(AbstractXMLDocumentParser.java:182)
	at com.sun.org.apache.xerces.internal.impl.dtd.XMLDTDValidator.emptyElement(XMLDTDValidator.java:766)
	at com.sun.org.apache.xerces.internal.impl.XMLDocumentFragmentScannerImpl.scanStartElement(XMLDocumentFragmentScannerImpl.java:1342)
	at com.sun.org.apache.xerces.internal.impl.XMLDocumentFragmentScannerImpl$FragmentContentDriver.next(XMLDocumentFragmentScannerImpl.java:2770)
	at com.sun.org.apache.xerces.internal.impl.XMLDocumentScannerImpl.next(XMLDocumentScannerImpl.java:606)
	at com.sun.org.apache.xerces.internal.impl.XMLDocumentFragmentScannerImpl.scanDocument(XMLDocumentFragmentScannerImpl.java:510)
	at com.sun.org.apache.xerces.internal.parsers.XML11Configuration.parse(XML11Configuration.java:848)
	at com.sun.org.apache.xerces.internal.parsers.XML11Configuration.parse(XML11Configuration.java:777)
	at com.sun.org.apache.xerces.internal.parsers.XMLParser.parse(XMLParser.java:141)
	at com.sun.org.apache.xerces.internal.parsers.AbstractSAXParser.parse(AbstractSAXParser.java:1213)
	at com.sun.org.apache.xerces.internal.jaxp.SAXParserImpl$JAXPSAXParser.parse(SAXParserImpl.java:649)
	at com.google.gwt.dev.util.xml.ReflectiveParser$Impl.parse(ReflectiveParser.java:347)
	at com.google.gwt.dev.util.xml.ReflectiveParser$Impl.access$200(ReflectiveParser.java:68)
	at com.google.gwt.dev.util.xml.ReflectiveParser.parse(ReflectiveParser.java:418)
	at com.google.gwt.dev.cfg.ModuleDefLoader.nestedLoad(ModuleDefLoader.java:326)
	at com.google.gwt.dev.cfg.ModuleDefLoader.load(ModuleDefLoader.java:246)
	at com.google.gwt.dev.cfg.ModuleDefLoader.doLoadModule(ModuleDefLoader.java:195)
	at com.google.gwt.dev.cfg.ModuleDefLoader.loadFromResources(ModuleDefLoader.java:172)
	at com.google.gwt.dev.codeserver.Recompiler.loadModule(Recompiler.java:141)
	at com.google.gwt.dev.codeserver.Recompiler.compile(Recompiler.java:82)
	at com.google.gwt.dev.codeserver.ModuleState.<init>(ModuleState.java:54)
	at com.google.gwt.dev.codeserver.CodeServer.start(CodeServer.java:88)
	at com.google.gwt.dev.codeserver.CodeServer.main(CodeServer.java:51)
         [ERROR] Line 21: Unexpected exception while processing element 'inherits'
com.google.gwt.core.ext.UnableToCompleteException: (see previous log entries)
	at com.google.gwt.dev.cfg.ModuleDefLoader.nestedLoad(ModuleDefLoader.java:329)
	at com.google.gwt.dev.cfg.ModuleDefSchema$BodySchema.__inherits_begin(ModuleDefSchema.java:493)
	at sun.reflect.NativeMethodAccessorImpl.invoke0(Native Method)
	at sun.reflect.NativeMethodAccessorImpl.invoke(NativeMethodAccessorImpl.java:57)
	at sun.reflect.DelegatingMethodAccessorImpl.invoke(DelegatingMethodAccessorImpl.java:43)
	at java.lang.reflect.Method.invoke(Method.java:606)
	at com.google.gwt.dev.util.xml.HandlerMethod.invokeBegin(HandlerMethod.java:230)
	at com.google.gwt.dev.util.xml.ReflectiveParser$Impl.startElement(ReflectiveParser.java:294)
	at com.sun.org.apache.xerces.internal.parsers.AbstractSAXParser.startElement(AbstractSAXParser.java:509)
	at com.sun.org.apache.xerces.internal.parsers.AbstractXMLDocumentParser.emptyElement(AbstractXMLDocumentParser.java:182)
	at com.sun.org.apache.xerces.internal.impl.XMLDocumentFragmentScannerImpl.scanStartElement(XMLDocumentFragmentScannerImpl.java:1342)
	at com.sun.org.apache.xerces.internal.impl.XMLDocumentFragmentScannerImpl$FragmentContentDriver.next(XMLDocumentFragmentScannerImpl.java:2770)
	at com.sun.org.apache.xerces.internal.impl.XMLDocumentScannerImpl.next(XMLDocumentScannerImpl.java:606)
	at com.sun.org.apache.xerces.internal.impl.XMLDocumentFragmentScannerImpl.scanDocument(XMLDocumentFragmentScannerImpl.java:510)
	at com.sun.org.apache.xerces.internal.parsers.XML11Configuration.parse(XML11Configuration.java:848)
	at com.sun.org.apache.xerces.internal.parsers.XML11Configuration.parse(XML11Configuration.java:777)
	at com.sun.org.apache.xerces.internal.parsers.XMLParser.parse(XMLParser.java:141)
	at com.sun.org.apache.xerces.internal.parsers.AbstractSAXParser.parse(AbstractSAXParser.java:1213)
	at com.sun.org.apache.xerces.internal.jaxp.SAXParserImpl$JAXPSAXParser.parse(SAXParserImpl.java:649)
	at com.google.gwt.dev.util.xml.ReflectiveParser$Impl.parse(ReflectiveParser.java:347)
	at com.google.gwt.dev.util.xml.ReflectiveParser$Impl.access$200(ReflectiveParser.java:68)
	at com.google.gwt.dev.util.xml.ReflectiveParser.parse(ReflectiveParser.java:418)
	at com.google.gwt.dev.cfg.ModuleDefLoader.nestedLoad(ModuleDefLoader.java:326)
	at com.google.gwt.dev.cfg.ModuleDefSchema$BodySchema.__inherits_begin(ModuleDefSchema.java:493)
	at sun.reflect.NativeMethodAccessorImpl.invoke0(Native Method)
	at sun.reflect.NativeMethodAccessorImpl.invoke(NativeMethodAccessorImpl.java:57)
	at sun.reflect.DelegatingMethodAccessorImpl.invoke(DelegatingMethodAccessorImpl.java:43)
	at java.lang.reflect.Method.invoke(Method.java:606)
	at com.google.gwt.dev.util.xml.HandlerMethod.invokeBegin(HandlerMethod.java:230)
	at com.google.gwt.dev.util.xml.ReflectiveParser$Impl.startElement(ReflectiveParser.java:294)
	at com.sun.org.apache.xerces.internal.parsers.AbstractSAXParser.startElement(AbstractSAXParser.java:509)
	at com.sun.org.apache.xerces.internal.parsers.AbstractXMLDocumentParser.emptyElement(AbstractXMLDocumentParser.java:182)
	at com.sun.org.apache.xerces.internal.impl.dtd.XMLDTDValidator.emptyElement(XMLDTDValidator.java:766)
	at com.sun.org.apache.xerces.internal.impl.XMLDocumentFragmentScannerImpl.scanStartElement(XMLDocumentFragmentScannerImpl.java:1342)
	at com.sun.org.apache.xerces.internal.impl.XMLDocumentFragmentScannerImpl$FragmentContentDriver.next(XMLDocumentFragmentScannerImpl.java:2770)
	at com.sun.org.apache.xerces.internal.impl.XMLDocumentScannerImpl.next(XMLDocumentScannerImpl.java:606)
	at com.sun.org.apache.xerces.internal.impl.XMLDocumentFragmentScannerImpl.scanDocument(XMLDocumentFragmentScannerImpl.java:510)
	at com.sun.org.apache.xerces.internal.parsers.XML11Configuration.parse(XML11Configuration.java:848)
	at com.sun.org.apache.xerces.internal.parsers.XML11Configuration.parse(XML11Configuration.java:777)
	at com.sun.org.apache.xerces.internal.parsers.XMLParser.parse(XMLParser.java:141)
	at com.sun.org.apache.xerces.internal.parsers.AbstractSAXParser.parse(AbstractSAXParser.java:1213)
	at com.sun.org.apache.xerces.internal.jaxp.SAXParserImpl$JAXPSAXParser.parse(SAXParserImpl.java:649)
	at com.google.gwt.dev.util.xml.ReflectiveParser$Impl.parse(ReflectiveParser.java:347)
	at com.google.gwt.dev.util.xml.ReflectiveParser$Impl.access$200(ReflectiveParser.java:68)
	at com.google.gwt.dev.util.xml.ReflectiveParser.parse(ReflectiveParser.java:418)
	at com.google.gwt.dev.cfg.ModuleDefLoader.nestedLoad(ModuleDefLoader.java:326)
	at com.google.gwt.dev.cfg.ModuleDefSchema$BodySchema.__inherits_begin(ModuleDefSchema.java:493)
	at sun.reflect.NativeMethodAccessorImpl.invoke0(Native Method)
	at sun.reflect.NativeMethodAccessorImpl.invoke(NativeMethodAccessorImpl.java:57)
	at sun.reflect.DelegatingMethodAccessorImpl.invoke(DelegatingMethodAccessorImpl.java:43)
	at java.lang.reflect.Method.invoke(Method.java:606)
	at com.google.gwt.dev.util.xml.HandlerMethod.invokeBegin(HandlerMethod.java:230)
	at com.google.gwt.dev.util.xml.ReflectiveParser$Impl.startElement(ReflectiveParser.java:294)
	at com.sun.org.apache.xerces.internal.parsers.AbstractSAXParser.startElement(AbstractSAXParser.java:509)
	at com.sun.org.apache.xerces.internal.parsers.AbstractXMLDocumentParser.emptyElement(AbstractXMLDocumentParser.java:182)
	at com.sun.org.apache.xerces.internal.impl.dtd.XMLDTDValidator.emptyElement(XMLDTDValidator.java:766)
	at com.sun.org.apache.xerces.internal.impl.XMLDocumentFragmentScannerImpl.scanStartElement(XMLDocumentFragmentScannerImpl.java:1342)
	at com.sun.org.apache.xerces.internal.impl.XMLDocumentFragmentScannerImpl$FragmentContentDriver.next(XMLDocumentFragmentScannerImpl.java:2770)
	at com.sun.org.apache.xerces.internal.impl.XMLDocumentScannerImpl.next(XMLDocumentScannerImpl.java:606)
	at com.sun.org.apache.xerces.internal.impl.XMLDocumentFragmentScannerImpl.scanDocument(XMLDocumentFragmentScannerImpl.java:510)
	at com.sun.org.apache.xerces.internal.parsers.XML11Configuration.parse(XML11Configuration.java:848)
	at com.sun.org.apache.xerces.internal.parsers.XML11Configuration.parse(XML11Configuration.java:777)
	at com.sun.org.apache.xerces.internal.parsers.XMLParser.parse(XMLParser.java:141)
	at com.sun.org.apache.xerces.internal.parsers.AbstractSAXParser.parse(AbstractSAXParser.java:1213)
	at com.sun.org.apache.xerces.internal.jaxp.SAXParserImpl$JAXPSAXParser.parse(SAXParserImpl.java:649)
	at com.google.gwt.dev.util.xml.ReflectiveParser$Impl.parse(ReflectiveParser.java:347)
	at com.google.gwt.dev.util.xml.ReflectiveParser$Impl.access$200(ReflectiveParser.java:68)
	at com.google.gwt.dev.util.xml.ReflectiveParser.parse(ReflectiveParser.java:418)
	at com.google.gwt.dev.cfg.ModuleDefLoader.nestedLoad(ModuleDefLoader.java:326)
	at com.google.gwt.dev.cfg.ModuleDefLoader.load(ModuleDefLoader.java:246)
	at com.google.gwt.dev.cfg.ModuleDefLoader.doLoadModule(ModuleDefLoader.java:195)
	at com.google.gwt.dev.cfg.ModuleDefLoader.loadFromResources(ModuleDefLoader.java:172)
	at com.google.gwt.dev.codeserver.Recompiler.loadModule(Recompiler.java:141)
	at com.google.gwt.dev.codeserver.Recompiler.compile(Recompiler.java:82)
	at com.google.gwt.dev.codeserver.ModuleState.<init>(ModuleState.java:54)
	at com.google.gwt.dev.codeserver.CodeServer.start(CodeServer.java:88)
	at com.google.gwt.dev.codeserver.CodeServer.main(CodeServer.java:51)
         [ERROR] Failure while parsing XML
com.google.gwt.core.ext.UnableToCompleteException: (see previous log entries)
	at com.google.gwt.dev.util.xml.DefaultSchema.onHandlerException(DefaultSchema.java:58)
	at com.google.gwt.dev.util.xml.Schema.onHandlerException(Schema.java:66)
	at com.google.gwt.dev.util.xml.Schema.onHandlerException(Schema.java:66)
	at com.google.gwt.dev.util.xml.HandlerMethod.invokeBegin(HandlerMethod.java:240)
	at com.google.gwt.dev.util.xml.ReflectiveParser$Impl.startElement(ReflectiveParser.java:294)
	at com.sun.org.apache.xerces.internal.parsers.AbstractSAXParser.startElement(AbstractSAXParser.java:509)
	at com.sun.org.apache.xerces.internal.parsers.AbstractXMLDocumentParser.emptyElement(AbstractXMLDocumentParser.java:182)
	at com.sun.org.apache.xerces.internal.impl.XMLDocumentFragmentScannerImpl.scanStartElement(XMLDocumentFragmentScannerImpl.java:1342)
	at com.sun.org.apache.xerces.internal.impl.XMLDocumentFragmentScannerImpl$FragmentContentDriver.next(XMLDocumentFragmentScannerImpl.java:2770)
	at com.sun.org.apache.xerces.internal.impl.XMLDocumentScannerImpl.next(XMLDocumentScannerImpl.java:606)
	at com.sun.org.apache.xerces.internal.impl.XMLDocumentFragmentScannerImpl.scanDocument(XMLDocumentFragmentScannerImpl.java:510)
	at com.sun.org.apache.xerces.internal.parsers.XML11Configuration.parse(XML11Configuration.java:848)
	at com.sun.org.apache.xerces.internal.parsers.XML11Configuration.parse(XML11Configuration.java:777)
	at com.sun.org.apache.xerces.internal.parsers.XMLParser.parse(XMLParser.java:141)
	at com.sun.org.apache.xerces.internal.parsers.AbstractSAXParser.parse(AbstractSAXParser.java:1213)
	at com.sun.org.apache.xerces.internal.jaxp.SAXParserImpl$JAXPSAXParser.parse(SAXParserImpl.java:649)
	at com.google.gwt.dev.util.xml.ReflectiveParser$Impl.parse(ReflectiveParser.java:347)
	at com.google.gwt.dev.util.xml.ReflectiveParser$Impl.access$200(ReflectiveParser.java:68)
	at com.google.gwt.dev.util.xml.ReflectiveParser.parse(ReflectiveParser.java:418)
	at com.google.gwt.dev.cfg.ModuleDefLoader.nestedLoad(ModuleDefLoader.java:326)
	at com.google.gwt.dev.cfg.ModuleDefSchema$BodySchema.__inherits_begin(ModuleDefSchema.java:493)
	at sun.reflect.NativeMethodAccessorImpl.invoke0(Native Method)
	at sun.reflect.NativeMethodAccessorImpl.invoke(NativeMethodAccessorImpl.java:57)
	at sun.reflect.DelegatingMethodAccessorImpl.invoke(DelegatingMethodAccessorImpl.java:43)
	at java.lang.reflect.Method.invoke(Method.java:606)
	at com.google.gwt.dev.util.xml.HandlerMethod.invokeBegin(HandlerMethod.java:230)
	at com.google.gwt.dev.util.xml.ReflectiveParser$Impl.startElement(ReflectiveParser.java:294)
	at com.sun.org.apache.xerces.internal.parsers.AbstractSAXParser.startElement(AbstractSAXParser.java:509)
	at com.sun.org.apache.xerces.internal.parsers.AbstractXMLDocumentParser.emptyElement(AbstractXMLDocumentParser.java:182)
	at com.sun.org.apache.xerces.internal.impl.dtd.XMLDTDValidator.emptyElement(XMLDTDValidator.java:766)
	at com.sun.org.apache.xerces.internal.impl.XMLDocumentFragmentScannerImpl.scanStartElement(XMLDocumentFragmentScannerImpl.java:1342)
	at com.sun.org.apache.xerces.internal.impl.XMLDocumentFragmentScannerImpl$FragmentContentDriver.next(XMLDocumentFragmentScannerImpl.java:2770)
	at com.sun.org.apache.xerces.internal.impl.XMLDocumentScannerImpl.next(XMLDocumentScannerImpl.java:606)
	at com.sun.org.apache.xerces.internal.impl.XMLDocumentFragmentScannerImpl.scanDocument(XMLDocumentFragmentScannerImpl.java:510)
	at com.sun.org.apache.xerces.internal.parsers.XML11Configuration.parse(XML11Configuration.java:848)
	at com.sun.org.apache.xerces.internal.parsers.XML11Configuration.parse(XML11Configuration.java:777)
	at com.sun.org.apache.xerces.internal.parsers.XMLParser.parse(XMLParser.java:141)
	at com.sun.org.apache.xerces.internal.parsers.AbstractSAXParser.parse(AbstractSAXParser.java:1213)
	at com.sun.org.apache.xerces.internal.jaxp.SAXParserImpl$JAXPSAXParser.parse(SAXParserImpl.java:649)
	at com.google.gwt.dev.util.xml.ReflectiveParser$Impl.parse(ReflectiveParser.java:347)
	at com.google.gwt.dev.util.xml.ReflectiveParser$Impl.access$200(ReflectiveParser.java:68)
	at com.google.gwt.dev.util.xml.ReflectiveParser.parse(ReflectiveParser.java:418)
	at com.google.gwt.dev.cfg.ModuleDefLoader.nestedLoad(ModuleDefLoader.java:326)
	at com.google.gwt.dev.cfg.ModuleDefSchema$BodySchema.__inherits_begin(ModuleDefSchema.java:493)
	at sun.reflect.NativeMethodAccessorImpl.invoke0(Native Method)
	at sun.reflect.NativeMethodAccessorImpl.invoke(NativeMethodAccessorImpl.java:57)
	at sun.reflect.DelegatingMethodAccessorImpl.invoke(DelegatingMethodAccessorImpl.java:43)
	at java.lang.reflect.Method.invoke(Method.java:606)
	at com.google.gwt.dev.util.xml.HandlerMethod.invokeBegin(HandlerMethod.java:230)
	at com.google.gwt.dev.util.xml.ReflectiveParser$Impl.startElement(ReflectiveParser.java:294)
	at com.sun.org.apache.xerces.internal.parsers.AbstractSAXParser.startElement(AbstractSAXParser.java:509)
	at com.sun.org.apache.xerces.internal.parsers.AbstractXMLDocumentParser.emptyElement(AbstractXMLDocumentParser.java:182)
	at com.sun.org.apache.xerces.internal.impl.dtd.XMLDTDValidator.emptyElement(XMLDTDValidator.java:766)
	at com.sun.org.apache.xerces.internal.impl.XMLDocumentFragmentScannerImpl.scanStartElement(XMLDocumentFragmentScannerImpl.java:1342)
	at com.sun.org.apache.xerces.internal.impl.XMLDocumentFragmentScannerImpl$FragmentContentDriver.next(XMLDocumentFragmentScannerImpl.java:2770)
	at com.sun.org.apache.xerces.internal.impl.XMLDocumentScannerImpl.next(XMLDocumentScannerImpl.java:606)
	at com.sun.org.apache.xerces.internal.impl.XMLDocumentFragmentScannerImpl.scanDocument(XMLDocumentFragmentScannerImpl.java:510)
	at com.sun.org.apache.xerces.internal.parsers.XML11Configuration.parse(XML11Configuration.java:848)
	at com.sun.org.apache.xerces.internal.parsers.XML11Configuration.parse(XML11Configuration.java:777)
	at com.sun.org.apache.xerces.internal.parsers.XMLParser.parse(XMLParser.java:141)
	at com.sun.org.apache.xerces.internal.parsers.AbstractSAXParser.parse(AbstractSAXParser.java:1213)
	at com.sun.org.apache.xerces.internal.jaxp.SAXParserImpl$JAXPSAXParser.parse(SAXParserImpl.java:649)
	at com.google.gwt.dev.util.xml.ReflectiveParser$Impl.parse(ReflectiveParser.java:347)
	at com.google.gwt.dev.util.xml.ReflectiveParser$Impl.access$200(ReflectiveParser.java:68)
	at com.google.gwt.dev.util.xml.ReflectiveParser.parse(ReflectiveParser.java:418)
	at com.google.gwt.dev.cfg.ModuleDefLoader.nestedLoad(ModuleDefLoader.java:326)
	at com.google.gwt.dev.cfg.ModuleDefLoader.load(ModuleDefLoader.java:246)
	at com.google.gwt.dev.cfg.ModuleDefLoader.doLoadModule(ModuleDefLoader.java:195)
	at com.google.gwt.dev.cfg.ModuleDefLoader.loadFromResources(ModuleDefLoader.java:172)
	at com.google.gwt.dev.codeserver.Recompiler.loadModule(Recompiler.java:141)
	at com.google.gwt.dev.codeserver.Recompiler.compile(Recompiler.java:82)
	at com.google.gwt.dev.codeserver.ModuleState.<init>(ModuleState.java:54)
	at com.google.gwt.dev.codeserver.CodeServer.start(CodeServer.java:88)
	at com.google.gwt.dev.codeserver.CodeServer.main(CodeServer.java:51)
         [ERROR] Unexpected error while processing XML
com.google.gwt.core.ext.UnableToCompleteException: (see previous log entries)
	at com.google.gwt.dev.util.xml.ReflectiveParser$Impl.parse(ReflectiveParser.java:371)
	at com.google.gwt.dev.util.xml.ReflectiveParser$Impl.access$200(ReflectiveParser.java:68)
	at com.google.gwt.dev.util.xml.ReflectiveParser.parse(ReflectiveParser.java:418)
	at com.google.gwt.dev.cfg.ModuleDefLoader.nestedLoad(ModuleDefLoader.java:326)
	at com.google.gwt.dev.cfg.ModuleDefSchema$BodySchema.__inherits_begin(ModuleDefSchema.java:493)
	at sun.reflect.NativeMethodAccessorImpl.invoke0(Native Method)
	at sun.reflect.NativeMethodAccessorImpl.invoke(NativeMethodAccessorImpl.java:57)
	at sun.reflect.DelegatingMethodAccessorImpl.invoke(DelegatingMethodAccessorImpl.java:43)
	at java.lang.reflect.Method.invoke(Method.java:606)
	at com.google.gwt.dev.util.xml.HandlerMethod.invokeBegin(HandlerMethod.java:230)
	at com.google.gwt.dev.util.xml.ReflectiveParser$Impl.startElement(ReflectiveParser.java:294)
	at com.sun.org.apache.xerces.internal.parsers.AbstractSAXParser.startElement(AbstractSAXParser.java:509)
	at com.sun.org.apache.xerces.internal.parsers.AbstractXMLDocumentParser.emptyElement(AbstractXMLDocumentParser.java:182)
	at com.sun.org.apache.xerces.internal.impl.dtd.XMLDTDValidator.emptyElement(XMLDTDValidator.java:766)
	at com.sun.org.apache.xerces.internal.impl.XMLDocumentFragmentScannerImpl.scanStartElement(XMLDocumentFragmentScannerImpl.java:1342)
	at com.sun.org.apache.xerces.internal.impl.XMLDocumentFragmentScannerImpl$FragmentContentDriver.next(XMLDocumentFragmentScannerImpl.java:2770)
	at com.sun.org.apache.xerces.internal.impl.XMLDocumentScannerImpl.next(XMLDocumentScannerImpl.java:606)
	at com.sun.org.apache.xerces.internal.impl.XMLDocumentFragmentScannerImpl.scanDocument(XMLDocumentFragmentScannerImpl.java:510)
	at com.sun.org.apache.xerces.internal.parsers.XML11Configuration.parse(XML11Configuration.java:848)
	at com.sun.org.apache.xerces.internal.parsers.XML11Configuration.parse(XML11Configuration.java:777)
	at com.sun.org.apache.xerces.internal.parsers.XMLParser.parse(XMLParser.java:141)
	at com.sun.org.apache.xerces.internal.parsers.AbstractSAXParser.parse(AbstractSAXParser.java:1213)
	at com.sun.org.apache.xerces.internal.jaxp.SAXParserImpl$JAXPSAXParser.parse(SAXParserImpl.java:649)
	at com.google.gwt.dev.util.xml.ReflectiveParser$Impl.parse(ReflectiveParser.java:347)
	at com.google.gwt.dev.util.xml.ReflectiveParser$Impl.access$200(ReflectiveParser.java:68)
	at com.google.gwt.dev.util.xml.ReflectiveParser.parse(ReflectiveParser.java:418)
	at com.google.gwt.dev.cfg.ModuleDefLoader.nestedLoad(ModuleDefLoader.java:326)
	at com.google.gwt.dev.cfg.ModuleDefSchema$BodySchema.__inherits_begin(ModuleDefSchema.java:493)
	at sun.reflect.NativeMethodAccessorImpl.invoke0(Native Method)
	at sun.reflect.NativeMethodAccessorImpl.invoke(NativeMethodAccessorImpl.java:57)
	at sun.reflect.DelegatingMethodAccessorImpl.invoke(DelegatingMethodAccessorImpl.java:43)
	at java.lang.reflect.Method.invoke(Method.java:606)
	at com.google.gwt.dev.util.xml.HandlerMethod.invokeBegin(HandlerMethod.java:230)
	at com.google.gwt.dev.util.xml.ReflectiveParser$Impl.startElement(ReflectiveParser.java:294)
	at com.sun.org.apache.xerces.internal.parsers.AbstractSAXParser.startElement(AbstractSAXParser.java:509)
	at com.sun.org.apache.xerces.internal.parsers.AbstractXMLDocumentParser.emptyElement(AbstractXMLDocumentParser.java:182)
	at com.sun.org.apache.xerces.internal.impl.dtd.XMLDTDValidator.emptyElement(XMLDTDValidator.java:766)
	at com.sun.org.apache.xerces.internal.impl.XMLDocumentFragmentScannerImpl.scanStartElement(XMLDocumentFragmentScannerImpl.java:1342)
	at com.sun.org.apache.xerces.internal.impl.XMLDocumentFragmentScannerImpl$FragmentContentDriver.next(XMLDocumentFragmentScannerImpl.java:2770)
	at com.sun.org.apache.xerces.internal.impl.XMLDocumentScannerImpl.next(XMLDocumentScannerImpl.java:606)
	at com.sun.org.apache.xerces.internal.impl.XMLDocumentFragmentScannerImpl.scanDocument(XMLDocumentFragmentScannerImpl.java:510)
	at com.sun.org.apache.xerces.internal.parsers.XML11Configuration.parse(XML11Configuration.java:848)
	at com.sun.org.apache.xerces.internal.parsers.XML11Configuration.parse(XML11Configuration.java:777)
	at com.sun.org.apache.xerces.internal.parsers.XMLParser.parse(XMLParser.java:141)
	at com.sun.org.apache.xerces.internal.parsers.AbstractSAXParser.parse(AbstractSAXParser.java:1213)
	at com.sun.org.apache.xerces.internal.jaxp.SAXParserImpl$JAXPSAXParser.parse(SAXParserImpl.java:649)
	at com.google.gwt.dev.util.xml.ReflectiveParser$Impl.parse(ReflectiveParser.java:347)
	at com.google.gwt.dev.util.xml.ReflectiveParser$Impl.access$200(ReflectiveParser.java:68)
	at com.google.gwt.dev.util.xml.ReflectiveParser.parse(ReflectiveParser.java:418)
	at com.google.gwt.dev.cfg.ModuleDefLoader.nestedLoad(ModuleDefLoader.java:326)
	at com.google.gwt.dev.cfg.ModuleDefLoader.load(ModuleDefLoader.java:246)
	at com.google.gwt.dev.cfg.ModuleDefLoader.doLoadModule(ModuleDefLoader.java:195)
	at com.google.gwt.dev.cfg.ModuleDefLoader.loadFromResources(ModuleDefLoader.java:172)
	at com.google.gwt.dev.codeserver.Recompiler.loadModule(Recompiler.java:141)
	at com.google.gwt.dev.codeserver.Recompiler.compile(Recompiler.java:82)
	at com.google.gwt.dev.codeserver.ModuleState.<init>(ModuleState.java:54)
	at com.google.gwt.dev.codeserver.CodeServer.start(CodeServer.java:88)
	at com.google.gwt.dev.codeserver.CodeServer.main(CodeServer.java:51)
      [ERROR] Line 4: Unexpected exception while processing element 'inherits'
com.google.gwt.core.ext.UnableToCompleteException: (see previous log entries)
	at com.google.gwt.dev.cfg.ModuleDefLoader.nestedLoad(ModuleDefLoader.java:329)
	at com.google.gwt.dev.cfg.ModuleDefSchema$BodySchema.__inherits_begin(ModuleDefSchema.java:493)
	at sun.reflect.NativeMethodAccessorImpl.invoke0(Native Method)
	at sun.reflect.NativeMethodAccessorImpl.invoke(NativeMethodAccessorImpl.java:57)
	at sun.reflect.DelegatingMethodAccessorImpl.invoke(DelegatingMethodAccessorImpl.java:43)
	at java.lang.reflect.Method.invoke(Method.java:606)
	at com.google.gwt.dev.util.xml.HandlerMethod.invokeBegin(HandlerMethod.java:230)
	at com.google.gwt.dev.util.xml.ReflectiveParser$Impl.startElement(ReflectiveParser.java:294)
	at com.sun.org.apache.xerces.internal.parsers.AbstractSAXParser.startElement(AbstractSAXParser.java:509)
	at com.sun.org.apache.xerces.internal.parsers.AbstractXMLDocumentParser.emptyElement(AbstractXMLDocumentParser.java:182)
	at com.sun.org.apache.xerces.internal.impl.dtd.XMLDTDValidator.emptyElement(XMLDTDValidator.java:766)
	at com.sun.org.apache.xerces.internal.impl.XMLDocumentFragmentScannerImpl.scanStartElement(XMLDocumentFragmentScannerImpl.java:1342)
	at com.sun.org.apache.xerces.internal.impl.XMLDocumentFragmentScannerImpl$FragmentContentDriver.next(XMLDocumentFragmentScannerImpl.java:2770)
	at com.sun.org.apache.xerces.internal.impl.XMLDocumentScannerImpl.next(XMLDocumentScannerImpl.java:606)
	at com.sun.org.apache.xerces.internal.impl.XMLDocumentFragmentScannerImpl.scanDocument(XMLDocumentFragmentScannerImpl.java:510)
	at com.sun.org.apache.xerces.internal.parsers.XML11Configuration.parse(XML11Configuration.java:848)
	at com.sun.org.apache.xerces.internal.parsers.XML11Configuration.parse(XML11Configuration.java:777)
	at com.sun.org.apache.xerces.internal.parsers.XMLParser.parse(XMLParser.java:141)
	at com.sun.org.apache.xerces.internal.parsers.AbstractSAXParser.parse(AbstractSAXParser.java:1213)
	at com.sun.org.apache.xerces.internal.jaxp.SAXParserImpl$JAXPSAXParser.parse(SAXParserImpl.java:649)
	at com.google.gwt.dev.util.xml.ReflectiveParser$Impl.parse(ReflectiveParser.java:347)
	at com.google.gwt.dev.util.xml.ReflectiveParser$Impl.access$200(ReflectiveParser.java:68)
	at com.google.gwt.dev.util.xml.ReflectiveParser.parse(ReflectiveParser.java:418)
	at com.google.gwt.dev.cfg.ModuleDefLoader.nestedLoad(ModuleDefLoader.java:326)
	at com.google.gwt.dev.cfg.ModuleDefSchema$BodySchema.__inherits_begin(ModuleDefSchema.java:493)
	at sun.reflect.NativeMethodAccessorImpl.invoke0(Native Method)
	at sun.reflect.NativeMethodAccessorImpl.invoke(NativeMethodAccessorImpl.java:57)
	at sun.reflect.DelegatingMethodAccessorImpl.invoke(DelegatingMethodAccessorImpl.java:43)
	at java.lang.reflect.Method.invoke(Method.java:606)
	at com.google.gwt.dev.util.xml.HandlerMethod.invokeBegin(HandlerMethod.java:230)
	at com.google.gwt.dev.util.xml.ReflectiveParser$Impl.startElement(ReflectiveParser.java:294)
	at com.sun.org.apache.xerces.internal.parsers.AbstractSAXParser.startElement(AbstractSAXParser.java:509)
	at com.sun.org.apache.xerces.internal.parsers.AbstractXMLDocumentParser.emptyElement(AbstractXMLDocumentParser.java:182)
	at com.sun.org.apache.xerces.internal.impl.dtd.XMLDTDValidator.emptyElement(XMLDTDValidator.java:766)
	at com.sun.org.apache.xerces.internal.impl.XMLDocumentFragmentScannerImpl.scanStartElement(XMLDocumentFragmentScannerImpl.java:1342)
	at com.sun.org.apache.xerces.internal.impl.XMLDocumentFragmentScannerImpl$FragmentContentDriver.next(XMLDocumentFragmentScannerImpl.java:2770)
	at com.sun.org.apache.xerces.internal.impl.XMLDocumentScannerImpl.next(XMLDocumentScannerImpl.java:606)
	at com.sun.org.apache.xerces.internal.impl.XMLDocumentFragmentScannerImpl.scanDocument(XMLDocumentFragmentScannerImpl.java:510)
	at com.sun.org.apache.xerces.internal.parsers.XML11Configuration.parse(XML11Configuration.java:848)
	at com.sun.org.apache.xerces.internal.parsers.XML11Configuration.parse(XML11Configuration.java:777)
	at com.sun.org.apache.xerces.internal.parsers.XMLParser.parse(XMLParser.java:141)
	at com.sun.org.apache.xerces.internal.parsers.AbstractSAXParser.parse(AbstractSAXParser.java:1213)
	at com.sun.org.apache.xerces.internal.jaxp.SAXParserImpl$JAXPSAXParser.parse(SAXParserImpl.java:649)
	at com.google.gwt.dev.util.xml.ReflectiveParser$Impl.parse(ReflectiveParser.java:347)
	at com.google.gwt.dev.util.xml.ReflectiveParser$Impl.access$200(ReflectiveParser.java:68)
	at com.google.gwt.dev.util.xml.ReflectiveParser.parse(ReflectiveParser.java:418)
	at com.google.gwt.dev.cfg.ModuleDefLoader.nestedLoad(ModuleDefLoader.java:326)
	at com.google.gwt.dev.cfg.ModuleDefLoader.load(ModuleDefLoader.java:246)
	at com.google.gwt.dev.cfg.ModuleDefLoader.doLoadModule(ModuleDefLoader.java:195)
	at com.google.gwt.dev.cfg.ModuleDefLoader.loadFromResources(ModuleDefLoader.java:172)
	at com.google.gwt.dev.codeserver.Recompiler.loadModule(Recompiler.java:141)
	at com.google.gwt.dev.codeserver.Recompiler.compile(Recompiler.java:82)
	at com.google.gwt.dev.codeserver.ModuleState.<init>(ModuleState.java:54)
	at com.google.gwt.dev.codeserver.CodeServer.start(CodeServer.java:88)
	at com.google.gwt.dev.codeserver.CodeServer.main(CodeServer.java:51)
      [ERROR] Failure while parsing XML
com.google.gwt.core.ext.UnableToCompleteException: (see previous log entries)
	at com.google.gwt.dev.util.xml.DefaultSchema.onHandlerException(DefaultSchema.java:58)
	at com.google.gwt.dev.util.xml.Schema.onHandlerException(Schema.java:66)
	at com.google.gwt.dev.util.xml.Schema.onHandlerException(Schema.java:66)
	at com.google.gwt.dev.util.xml.HandlerMethod.invokeBegin(HandlerMethod.java:240)
	at com.google.gwt.dev.util.xml.ReflectiveParser$Impl.startElement(ReflectiveParser.java:294)
	at com.sun.org.apache.xerces.internal.parsers.AbstractSAXParser.startElement(AbstractSAXParser.java:509)
	at com.sun.org.apache.xerces.internal.parsers.AbstractXMLDocumentParser.emptyElement(AbstractXMLDocumentParser.java:182)
	at com.sun.org.apache.xerces.internal.impl.dtd.XMLDTDValidator.emptyElement(XMLDTDValidator.java:766)
	at com.sun.org.apache.xerces.internal.impl.XMLDocumentFragmentScannerImpl.scanStartElement(XMLDocumentFragmentScannerImpl.java:1342)
	at com.sun.org.apache.xerces.internal.impl.XMLDocumentFragmentScannerImpl$FragmentContentDriver.next(XMLDocumentFragmentScannerImpl.java:2770)
	at com.sun.org.apache.xerces.internal.impl.XMLDocumentScannerImpl.next(XMLDocumentScannerImpl.java:606)
	at com.sun.org.apache.xerces.internal.impl.XMLDocumentFragmentScannerImpl.scanDocument(XMLDocumentFragmentScannerImpl.java:510)
	at com.sun.org.apache.xerces.internal.parsers.XML11Configuration.parse(XML11Configuration.java:848)
	at com.sun.org.apache.xerces.internal.parsers.XML11Configuration.parse(XML11Configuration.java:777)
	at com.sun.org.apache.xerces.internal.parsers.XMLParser.parse(XMLParser.java:141)
	at com.sun.org.apache.xerces.internal.parsers.AbstractSAXParser.parse(AbstractSAXParser.java:1213)
	at com.sun.org.apache.xerces.internal.jaxp.SAXParserImpl$JAXPSAXParser.parse(SAXParserImpl.java:649)
	at com.google.gwt.dev.util.xml.ReflectiveParser$Impl.parse(ReflectiveParser.java:347)
	at com.google.gwt.dev.util.xml.ReflectiveParser$Impl.access$200(ReflectiveParser.java:68)
	at com.google.gwt.dev.util.xml.ReflectiveParser.parse(ReflectiveParser.java:418)
	at com.google.gwt.dev.cfg.ModuleDefLoader.nestedLoad(ModuleDefLoader.java:326)
	at com.google.gwt.dev.cfg.ModuleDefSchema$BodySchema.__inherits_begin(ModuleDefSchema.java:493)
	at sun.reflect.NativeMethodAccessorImpl.invoke0(Native Method)
	at sun.reflect.NativeMethodAccessorImpl.invoke(NativeMethodAccessorImpl.java:57)
	at sun.reflect.DelegatingMethodAccessorImpl.invoke(DelegatingMethodAccessorImpl.java:43)
	at java.lang.reflect.Method.invoke(Method.java:606)
	at com.google.gwt.dev.util.xml.HandlerMethod.invokeBegin(HandlerMethod.java:230)
	at com.google.gwt.dev.util.xml.ReflectiveParser$Impl.startElement(ReflectiveParser.java:294)
	at com.sun.org.apache.xerces.internal.parsers.AbstractSAXParser.startElement(AbstractSAXParser.java:509)
	at com.sun.org.apache.xerces.internal.parsers.AbstractXMLDocumentParser.emptyElement(AbstractXMLDocumentParser.java:182)
	at com.sun.org.apache.xerces.internal.impl.dtd.XMLDTDValidator.emptyElement(XMLDTDValidator.java:766)
	at com.sun.org.apache.xerces.internal.impl.XMLDocumentFragmentScannerImpl.scanStartElement(XMLDocumentFragmentScannerImpl.java:1342)
	at com.sun.org.apache.xerces.internal.impl.XMLDocumentFragmentScannerImpl$FragmentContentDriver.next(XMLDocumentFragmentScannerImpl.java:2770)
	at com.sun.org.apache.xerces.internal.impl.XMLDocumentScannerImpl.next(XMLDocumentScannerImpl.java:606)
	at com.sun.org.apache.xerces.internal.impl.XMLDocumentFragmentScannerImpl.scanDocument(XMLDocumentFragmentScannerImpl.java:510)
	at com.sun.org.apache.xerces.internal.parsers.XML11Configuration.parse(XML11Configuration.java:848)
	at com.sun.org.apache.xerces.internal.parsers.XML11Configuration.parse(XML11Configuration.java:777)
	at com.sun.org.apache.xerces.internal.parsers.XMLParser.parse(XMLParser.java:141)
	at com.sun.org.apache.xerces.internal.parsers.AbstractSAXParser.parse(AbstractSAXParser.java:1213)
	at com.sun.org.apache.xerces.internal.jaxp.SAXParserImpl$JAXPSAXParser.parse(SAXParserImpl.java:649)
	at com.google.gwt.dev.util.xml.ReflectiveParser$Impl.parse(ReflectiveParser.java:347)
	at com.google.gwt.dev.util.xml.ReflectiveParser$Impl.access$200(ReflectiveParser.java:68)
	at com.google.gwt.dev.util.xml.ReflectiveParser.parse(ReflectiveParser.java:418)
	at com.google.gwt.dev.cfg.ModuleDefLoader.nestedLoad(ModuleDefLoader.java:326)
	at com.google.gwt.dev.cfg.ModuleDefLoader.load(ModuleDefLoader.java:246)
	at com.google.gwt.dev.cfg.ModuleDefLoader.doLoadModule(ModuleDefLoader.java:195)
	at com.google.gwt.dev.cfg.ModuleDefLoader.loadFromResources(ModuleDefLoader.java:172)
	at com.google.gwt.dev.codeserver.Recompiler.loadModule(Recompiler.java:141)
	at com.google.gwt.dev.codeserver.Recompiler.compile(Recompiler.java:82)
	at com.google.gwt.dev.codeserver.ModuleState.<init>(ModuleState.java:54)
	at com.google.gwt.dev.codeserver.CodeServer.start(CodeServer.java:88)
	at com.google.gwt.dev.codeserver.CodeServer.main(CodeServer.java:51)
      [ERROR] Unexpected error while processing XML
com.google.gwt.core.ext.UnableToCompleteException: (see previous log entries)
	at com.google.gwt.dev.util.xml.ReflectiveParser$Impl.parse(ReflectiveParser.java:371)
	at com.google.gwt.dev.util.xml.ReflectiveParser$Impl.access$200(ReflectiveParser.java:68)
	at com.google.gwt.dev.util.xml.ReflectiveParser.parse(ReflectiveParser.java:418)
	at com.google.gwt.dev.cfg.ModuleDefLoader.nestedLoad(ModuleDefLoader.java:326)
	at com.google.gwt.dev.cfg.ModuleDefSchema$BodySchema.__inherits_begin(ModuleDefSchema.java:493)
	at sun.reflect.NativeMethodAccessorImpl.invoke0(Native Method)
	at sun.reflect.NativeMethodAccessorImpl.invoke(NativeMethodAccessorImpl.java:57)
	at sun.reflect.DelegatingMethodAccessorImpl.invoke(DelegatingMethodAccessorImpl.java:43)
	at java.lang.reflect.Method.invoke(Method.java:606)
	at com.google.gwt.dev.util.xml.HandlerMethod.invokeBegin(HandlerMethod.java:230)
	at com.google.gwt.dev.util.xml.ReflectiveParser$Impl.startElement(ReflectiveParser.java:294)
	at com.sun.org.apache.xerces.internal.parsers.AbstractSAXParser.startElement(AbstractSAXParser.java:509)
	at com.sun.org.apache.xerces.internal.parsers.AbstractXMLDocumentParser.emptyElement(AbstractXMLDocumentParser.java:182)
	at com.sun.org.apache.xerces.internal.impl.dtd.XMLDTDValidator.emptyElement(XMLDTDValidator.java:766)
	at com.sun.org.apache.xerces.internal.impl.XMLDocumentFragmentScannerImpl.scanStartElement(XMLDocumentFragmentScannerImpl.java:1342)
	at com.sun.org.apache.xerces.internal.impl.XMLDocumentFragmentScannerImpl$FragmentContentDriver.next(XMLDocumentFragmentScannerImpl.java:2770)
	at com.sun.org.apache.xerces.internal.impl.XMLDocumentScannerImpl.next(XMLDocumentScannerImpl.java:606)
	at com.sun.org.apache.xerces.internal.impl.XMLDocumentFragmentScannerImpl.scanDocument(XMLDocumentFragmentScannerImpl.java:510)
	at com.sun.org.apache.xerces.internal.parsers.XML11Configuration.parse(XML11Configuration.java:848)
	at com.sun.org.apache.xerces.internal.parsers.XML11Configuration.parse(XML11Configuration.java:777)
	at com.sun.org.apache.xerces.internal.parsers.XMLParser.parse(XMLParser.java:141)
	at com.sun.org.apache.xerces.internal.parsers.AbstractSAXParser.parse(AbstractSAXParser.java:1213)
	at com.sun.org.apache.xerces.internal.jaxp.SAXParserImpl$JAXPSAXParser.parse(SAXParserImpl.java:649)
	at com.google.gwt.dev.util.xml.ReflectiveParser$Impl.parse(ReflectiveParser.java:347)
	at com.google.gwt.dev.util.xml.ReflectiveParser$Impl.access$200(ReflectiveParser.java:68)
	at com.google.gwt.dev.util.xml.ReflectiveParser.parse(ReflectiveParser.java:418)
	at com.google.gwt.dev.cfg.ModuleDefLoader.nestedLoad(ModuleDefLoader.java:326)
	at com.google.gwt.dev.cfg.ModuleDefLoader.load(ModuleDefLoader.java:246)
	at com.google.gwt.dev.cfg.ModuleDefLoader.doLoadModule(ModuleDefLoader.java:195)
	at com.google.gwt.dev.cfg.ModuleDefLoader.loadFromResources(ModuleDefLoader.java:172)
	at com.google.gwt.dev.codeserver.Recompiler.loadModule(Recompiler.java:141)
	at com.google.gwt.dev.codeserver.Recompiler.compile(Recompiler.java:82)
	at com.google.gwt.dev.codeserver.ModuleState.<init>(ModuleState.java:54)
	at com.google.gwt.dev.codeserver.CodeServer.start(CodeServer.java:88)
	at com.google.gwt.dev.codeserver.CodeServer.main(CodeServer.java:51)
   [ERROR] Line 4: Unexpected exception while processing element 'inherits'
com.google.gwt.core.ext.UnableToCompleteException: (see previous log entries)
	at com.google.gwt.dev.cfg.ModuleDefLoader.nestedLoad(ModuleDefLoader.java:329)
	at com.google.gwt.dev.cfg.ModuleDefSchema$BodySchema.__inherits_begin(ModuleDefSchema.java:493)
	at sun.reflect.NativeMethodAccessorImpl.invoke0(Native Method)
	at sun.reflect.NativeMethodAccessorImpl.invoke(NativeMethodAccessorImpl.java:57)
	at sun.reflect.DelegatingMethodAccessorImpl.invoke(DelegatingMethodAccessorImpl.java:43)
	at java.lang.reflect.Method.invoke(Method.java:606)
	at com.google.gwt.dev.util.xml.HandlerMethod.invokeBegin(HandlerMethod.java:230)
	at com.google.gwt.dev.util.xml.ReflectiveParser$Impl.startElement(ReflectiveParser.java:294)
	at com.sun.org.apache.xerces.internal.parsers.AbstractSAXParser.startElement(AbstractSAXParser.java:509)
	at com.sun.org.apache.xerces.internal.parsers.AbstractXMLDocumentParser.emptyElement(AbstractXMLDocumentParser.java:182)
	at com.sun.org.apache.xerces.internal.impl.dtd.XMLDTDValidator.emptyElement(XMLDTDValidator.java:766)
	at com.sun.org.apache.xerces.internal.impl.XMLDocumentFragmentScannerImpl.scanStartElement(XMLDocumentFragmentScannerImpl.java:1342)
	at com.sun.org.apache.xerces.internal.impl.XMLDocumentFragmentScannerImpl$FragmentContentDriver.next(XMLDocumentFragmentScannerImpl.java:2770)
	at com.sun.org.apache.xerces.internal.impl.XMLDocumentScannerImpl.next(XMLDocumentScannerImpl.java:606)
	at com.sun.org.apache.xerces.internal.impl.XMLDocumentFragmentScannerImpl.scanDocument(XMLDocumentFragmentScannerImpl.java:510)
	at com.sun.org.apache.xerces.internal.parsers.XML11Configuration.parse(XML11Configuration.java:848)
	at com.sun.org.apache.xerces.internal.parsers.XML11Configuration.parse(XML11Configuration.java:777)
	at com.sun.org.apache.xerces.internal.parsers.XMLParser.parse(XMLParser.java:141)
	at com.sun.org.apache.xerces.internal.parsers.AbstractSAXParser.parse(AbstractSAXParser.java:1213)
	at com.sun.org.apache.xerces.internal.jaxp.SAXParserImpl$JAXPSAXParser.parse(SAXParserImpl.java:649)
	at com.google.gwt.dev.util.xml.ReflectiveParser$Impl.parse(ReflectiveParser.java:347)
	at com.google.gwt.dev.util.xml.ReflectiveParser$Impl.access$200(ReflectiveParser.java:68)
	at com.google.gwt.dev.util.xml.ReflectiveParser.parse(ReflectiveParser.java:418)
	at com.google.gwt.dev.cfg.ModuleDefLoader.nestedLoad(ModuleDefLoader.java:326)
	at com.google.gwt.dev.cfg.ModuleDefLoader.load(ModuleDefLoader.java:246)
	at com.google.gwt.dev.cfg.ModuleDefLoader.doLoadModule(ModuleDefLoader.java:195)
	at com.google.gwt.dev.cfg.ModuleDefLoader.loadFromResources(ModuleDefLoader.java:172)
	at com.google.gwt.dev.codeserver.Recompiler.loadModule(Recompiler.java:141)
	at com.google.gwt.dev.codeserver.Recompiler.compile(Recompiler.java:82)
	at com.google.gwt.dev.codeserver.ModuleState.<init>(ModuleState.java:54)
	at com.google.gwt.dev.codeserver.CodeServer.start(CodeServer.java:88)
	at com.google.gwt.dev.codeserver.CodeServer.main(CodeServer.java:51)
   [ERROR] Failure while parsing XML
com.google.gwt.core.ext.UnableToCompleteException: (see previous log entries)
	at com.google.gwt.dev.util.xml.DefaultSchema.onHandlerException(DefaultSchema.java:58)
	at com.google.gwt.dev.util.xml.Schema.onHandlerException(Schema.java:66)
	at com.google.gwt.dev.util.xml.Schema.onHandlerException(Schema.java:66)
	at com.google.gwt.dev.util.xml.HandlerMethod.invokeBegin(HandlerMethod.java:240)
	at com.google.gwt.dev.util.xml.ReflectiveParser$Impl.startElement(ReflectiveParser.java:294)
	at com.sun.org.apache.xerces.internal.parsers.AbstractSAXParser.startElement(AbstractSAXParser.java:509)
	at com.sun.org.apache.xerces.internal.parsers.AbstractXMLDocumentParser.emptyElement(AbstractXMLDocumentParser.java:182)
	at com.sun.org.apache.xerces.internal.impl.dtd.XMLDTDValidator.emptyElement(XMLDTDValidator.java:766)
	at com.sun.org.apache.xerces.internal.impl.XMLDocumentFragmentScannerImpl.scanStartElement(XMLDocumentFragmentScannerImpl.java:1342)
	at com.sun.org.apache.xerces.internal.impl.XMLDocumentFragmentScannerImpl$FragmentContentDriver.next(XMLDocumentFragmentScannerImpl.java:2770)
	at com.sun.org.apache.xerces.internal.impl.XMLDocumentScannerImpl.next(XMLDocumentScannerImpl.java:606)
	at com.sun.org.apache.xerces.internal.impl.XMLDocumentFragmentScannerImpl.scanDocument(XMLDocumentFragmentScannerImpl.java:510)
	at com.sun.org.apache.xerces.internal.parsers.XML11Configuration.parse(XML11Configuration.java:848)
	at com.sun.org.apache.xerces.internal.parsers.XML11Configuration.parse(XML11Configuration.java:777)
	at com.sun.org.apache.xerces.internal.parsers.XMLParser.parse(XMLParser.java:141)
	at com.sun.org.apache.xerces.internal.parsers.AbstractSAXParser.parse(AbstractSAXParser.java:1213)
	at com.sun.org.apache.xerces.internal.jaxp.SAXParserImpl$JAXPSAXParser.parse(SAXParserImpl.java:649)
	at com.google.gwt.dev.util.xml.ReflectiveParser$Impl.parse(ReflectiveParser.java:347)
	at com.google.gwt.dev.util.xml.ReflectiveParser$Impl.access$200(ReflectiveParser.java:68)
	at com.google.gwt.dev.util.xml.ReflectiveParser.parse(ReflectiveParser.java:418)
	at com.google.gwt.dev.cfg.ModuleDefLoader.nestedLoad(ModuleDefLoader.java:326)
	at com.google.gwt.dev.cfg.ModuleDefLoader.load(ModuleDefLoader.java:246)
	at com.google.gwt.dev.cfg.ModuleDefLoader.doLoadModule(ModuleDefLoader.java:195)
	at com.google.gwt.dev.cfg.ModuleDefLoader.loadFromResources(ModuleDefLoader.java:172)
	at com.google.gwt.dev.codeserver.Recompiler.loadModule(Recompiler.java:141)
	at com.google.gwt.dev.codeserver.Recompiler.compile(Recompiler.java:82)
	at com.google.gwt.dev.codeserver.ModuleState.<init>(ModuleState.java:54)
	at com.google.gwt.dev.codeserver.CodeServer.start(CodeServer.java:88)
	at com.google.gwt.dev.codeserver.CodeServer.main(CodeServer.java:51)
   [ERROR] Unexpected error while processing XML
com.google.gwt.core.ext.UnableToCompleteException: (see previous log entries)
	at com.google.gwt.dev.util.xml.ReflectiveParser$Impl.parse(ReflectiveParser.java:371)
	at com.google.gwt.dev.util.xml.ReflectiveParser$Impl.access$200(ReflectiveParser.java:68)
	at com.google.gwt.dev.util.xml.ReflectiveParser.parse(ReflectiveParser.java:418)
	at com.google.gwt.dev.cfg.ModuleDefLoader.nestedLoad(ModuleDefLoader.java:326)
	at com.google.gwt.dev.cfg.ModuleDefLoader.load(ModuleDefLoader.java:246)
	at com.google.gwt.dev.cfg.ModuleDefLoader.doLoadModule(ModuleDefLoader.java:195)
	at com.google.gwt.dev.cfg.ModuleDefLoader.loadFromResources(ModuleDefLoader.java:172)
	at com.google.gwt.dev.codeserver.Recompiler.loadModule(Recompiler.java:141)
	at com.google.gwt.dev.codeserver.Recompiler.compile(Recompiler.java:82)
	at com.google.gwt.dev.codeserver.ModuleState.<init>(ModuleState.java:54)
	at com.google.gwt.dev.codeserver.CodeServer.start(CodeServer.java:88)
	at com.google.gwt.dev.codeserver.CodeServer.main(CodeServer.java:51)
